This is pdfTeX, Version 3.14159265-2.6-1.40.19 (TeX Live 2019/dev/Debian) (preloaded format=pdflatex 2020.3.8)  21 MAR 2020 19:01
entering extended mode
 restricted \write18 enabled.
 %&-line parsing enabled.
**zavrsni.tex
(./zavrsni.tex
LaTeX2e <2018-12-01>
(./mitthesis.cls
Document Class: mitthesis 1999/10/20
\vithesis=\count80
Course VI/VIII thesis style.
(/usr/share/texlive/texmf-dist/tex/latex/base/report.cls
Document Class: report 2018/09/03 v1.4i Standard LaTeX document class
(/usr/share/texlive/texmf-dist/tex/latex/base/size12.clo
File: size12.clo 2018/09/03 v1.4i Standard LaTeX file (size option)
)
\c@part=\count81
\c@chapter=\count82
\c@section=\count83
\c@subsection=\count84
\c@subsubsection=\count85
\c@paragraph=\count86
\c@subparagraph=\count87
\c@figure=\count88
\c@table=\count89
\abovecaptionskip=\skip41
\belowcaptionskip=\skip42
\bibindent=\dimen102
)
(/usr/share/texlive/texmf-dist/tex/latex/setspace/setspace.sty
Package: setspace 2011/12/19 v6.7a set line spacing
)
Copyright given to author, permission to copy/distribute given to ETF.
\@titlesupervisor=\box27
\@abstractsupervisor=\box28
\c@savepage=\count90
) (./lgrind.sty
Package: lgrind 1997/01/30 v3.4 LGrind environment and supporting stuff
\lc@unt=\count91
\ln@xt=\count92
\LGnuminterval=\count93
\LGindent=\skip43
\LGsloppy=\skip44
\procbox=\box29
\ls@far=\box30
\tb@x=\box31
\TBw@d=\dimen103
\@ts=\dimen104
) (/usr/share/texlive/texmf-dist/tex/latex/cmap/cmap.sty
Package: cmap 2008/03/06 v1.0h CMap support: searchable PDF
)
(/usr/share/texlive/texmf-dist/tex/latex/base/fontenc.sty
Package: fontenc 2018/08/11 v2.0j Standard LaTeX package

(/usr/share/texlive/texmf-dist/tex/latex/base/t1enc.def
File: t1enc.def 2018/08/11 v2.0j Standard LaTeX file
LaTeX Font Info:    Redeclaring font encoding T1 on input line 48.
)<<t1.cmap>>)
(/usr/share/texlive/texmf-dist/tex/latex/listings/listings.sty
(/usr/share/texlive/texmf-dist/tex/latex/graphics/keyval.sty
Package: keyval 2014/10/28 v1.15 key=value parser (DPC)
\KV@toks@=\toks14
)
\lst@mode=\count94
\lst@gtempboxa=\box32
\lst@token=\toks15
\lst@length=\count95
\lst@currlwidth=\dimen105
\lst@column=\count96
\lst@pos=\count97
\lst@lostspace=\dimen106
\lst@width=\dimen107
\lst@newlines=\count98
\lst@lineno=\count99
\lst@maxwidth=\dimen108

(/usr/share/texlive/texmf-dist/tex/latex/listings/lstmisc.sty
File: lstmisc.sty 2018/09/02 1.7 (Carsten Heinz)
\c@lstnumber=\count100
\lst@skipnumbers=\count101
\lst@framebox=\box33
)
(/usr/share/texlive/texmf-dist/tex/latex/listings/listings.cfg
File: listings.cfg 2018/09/02 1.7 listings configuration
))
Package: listings 2018/09/02 1.7 (Carsten Heinz)

(/usr/share/texlive/texmf-dist/tex/latex/graphics/color.sty
Package: color 2016/07/10 v1.1e Standard LaTeX Color (DPC)

(/usr/share/texlive/texmf-dist/tex/latex/graphics-cfg/color.cfg
File: color.cfg 2016/01/02 v1.6 sample color configuration
)
Package color Info: Driver file: pdftex.def on input line 147.

(/usr/share/texlive/texmf-dist/tex/latex/graphics-def/pdftex.def
File: pdftex.def 2018/01/08 v1.0l Graphics/color driver for pdftex
))
(/usr/share/texlive/texmf-dist/tex/latex/graphics/graphicx.sty
Package: graphicx 2017/06/01 v1.1a Enhanced LaTeX Graphics (DPC,SPQR)

(/usr/share/texlive/texmf-dist/tex/latex/graphics/graphics.sty
Package: graphics 2017/06/25 v1.2c Standard LaTeX Graphics (DPC,SPQR)

(/usr/share/texlive/texmf-dist/tex/latex/graphics/trig.sty
Package: trig 2016/01/03 v1.10 sin cos tan (DPC)
)
(/usr/share/texlive/texmf-dist/tex/latex/graphics-cfg/graphics.cfg
File: graphics.cfg 2016/06/04 v1.11 sample graphics configuration
)
Package graphics Info: Driver file: pdftex.def on input line 99.
)
\Gin@req@height=\dimen109
\Gin@req@width=\dimen110
)
(/usr/share/texlive/texmf-dist/tex/latex/listings/lstlang1.sty
File: lstlang1.sty 2018/09/02 1.7 listings language file
)
(/usr/share/texlive/texmf-dist/tex/latex/listings/lstlang1.sty
File: lstlang1.sty 2018/09/02 1.7 listings language file
) (./zavrsni.aux)
\openout1 = `zavrsni.aux'.

LaTeX Font Info:    Checking defaults for OML/cmm/m/it on input line 26.
LaTeX Font Info:    ... okay on input line 26.
LaTeX Font Info:    Checking defaults for T1/cmr/m/n on input line 26.
LaTeX Font Info:    ... okay on input line 26.
LaTeX Font Info:    Checking defaults for OT1/cmr/m/n on input line 26.
LaTeX Font Info:    ... okay on input line 26.
LaTeX Font Info:    Checking defaults for OMS/cmsy/m/n on input line 26.
LaTeX Font Info:    ... okay on input line 26.
LaTeX Font Info:    Checking defaults for OMX/cmex/m/n on input line 26.
LaTeX Font Info:    ... okay on input line 26.
LaTeX Font Info:    Checking defaults for U/cmr/m/n on input line 26.
LaTeX Font Info:    ... okay on input line 26.
\c@lstlisting=\count102
(/usr/share/texlive/texmf-dist/tex/context/base/mkii/supp-pdf.mkii
[Loading MPS to PDF converter (version 2006.09.02).]
\scratchcounter=\count103
\scratchdimen=\dimen111
\scratchbox=\box34
\nofMPsegments=\count104
\nofMParguments=\count105
\everyMPshowfont=\toks16
\MPscratchCnt=\count106
\MPscratchDim=\dimen112
\MPnumerator=\count107
\makeMPintoPDFobject=\count108
\everyMPtoPDFconversion=\toks17
) (/usr/share/texlive/texmf-dist/tex/latex/oberdiek/epstopdf-base.sty
Package: epstopdf-base 2016/05/15 v2.6 Base part for package epstopdf

(/usr/share/texlive/texmf-dist/tex/generic/oberdiek/infwarerr.sty
Package: infwarerr 2016/05/16 v1.4 Providing info/warning/error messages (HO)
)
(/usr/share/texlive/texmf-dist/tex/latex/oberdiek/grfext.sty
Package: grfext 2016/05/16 v1.2 Manage graphics extensions (HO)

(/usr/share/texlive/texmf-dist/tex/generic/oberdiek/kvdefinekeys.sty
Package: kvdefinekeys 2016/05/16 v1.4 Define keys (HO)

(/usr/share/texlive/texmf-dist/tex/generic/oberdiek/ltxcmds.sty
Package: ltxcmds 2016/05/16 v1.23 LaTeX kernel commands for general use (HO)
)))
(/usr/share/texlive/texmf-dist/tex/latex/oberdiek/kvoptions.sty
Package: kvoptions 2016/05/16 v3.12 Key value format for package options (HO)

(/usr/share/texlive/texmf-dist/tex/generic/oberdiek/kvsetkeys.sty
Package: kvsetkeys 2016/05/16 v1.17 Key value parser (HO)

(/usr/share/texlive/texmf-dist/tex/generic/oberdiek/etexcmds.sty
Package: etexcmds 2016/05/16 v1.6 Avoid name clashes with e-TeX commands (HO)

(/usr/share/texlive/texmf-dist/tex/generic/oberdiek/ifluatex.sty
Package: ifluatex 2016/05/16 v1.4 Provides the ifluatex switch (HO)
Package ifluatex Info: LuaTeX not detected.
))))
(/usr/share/texlive/texmf-dist/tex/generic/oberdiek/pdftexcmds.sty
Package: pdftexcmds 2018/09/10 v0.29 Utility functions of pdfTeX for LuaTeX (HO
)

(/usr/share/texlive/texmf-dist/tex/generic/oberdiek/ifpdf.sty
Package: ifpdf 2018/09/07 v3.3 Provides the ifpdf switch
)
Package pdftexcmds Info: LuaTeX not detected.
Package pdftexcmds Info: \pdf@primitive is available.
Package pdftexcmds Info: \pdf@ifprimitive is available.
Package pdftexcmds Info: \pdfdraftmode found.
)
Package epstopdf-base Info: Redefining graphics rule for `.eps' on input line 4
38.
Package grfext Info: Graphics extension search list:
(grfext)             [.pdf,.jpeg,.png,.jpg,.eps]
(grfext)             \AppendGraphicsExtensions on input line 456.

(/usr/share/texlive/texmf-dist/tex/latex/latexconfig/epstopdf-sys.cfg
File: epstopdf-sys.cfg 2010/07/13 v1.3 Configuration of (r)epstopdf for TeX Liv
e
))
LaTeX Font Info:    Try loading font information for OMS+cmr on input line 37.

(/usr/share/texlive/texmf-dist/tex/latex/base/omscmr.fd
File: omscmr.fd 2014/09/29 v2.5h Standard LaTeX font definitions
)
LaTeX Font Info:    Font shape `OMS/cmr/m/n' in size <14.4> not available
(Font)              Font shape `OMS/cmsy/m/n' tried instead on input line 37.
<<oms.cmap>> [1


{/var/lib/texmf/fonts/map/pdftex/updmap/pdftex.map}] (./zavrsni.toc<<ot1.cmap>>
<<oml.cmap>>
LaTeX Font Info:    External font `cmex10' loaded for size
(Font)              <12> on input line 5.
<<omx.cmap>>
LaTeX Font Info:    External font `cmex10' loaded for size
(Font)              <8> on input line 5.
LaTeX Font Info:    External font `cmex10' loaded for size
(Font)              <6> on input line 5.
)
\tf@toc=\write3
\openout3 = `zavrsni.toc'.

 [2

] [3

]
Underfull \hbox (badness 10000) in paragraph at lines 50--60

 []


Underfull \hbox (badness 10000) in paragraph at lines 50--60

 []


Underfull \hbox (badness 10000) in paragraph at lines 61--65

 []

[4

]
Underfull \hbox (badness 10000) in paragraph at lines 68--69

 []


Underfull \hbox (badness 10000) in paragraph at lines 70--75

 []

[5

]
LaTeX Font Info:    Try loading font information for T1+cmss on input line 79.
 (/usr/share/texlive/texmf-dist/tex/latex/base/t1cmss.fd
File: t1cmss.fd 2014/09/29 v2.5h Standard LaTeX font definitions
)
LaTeX Font Info:    External font `cmex10' loaded for size
(Font)              <10.95> on input line 80.

Overfull \hbox (0.63211pt too wide) in paragraph at lines 85--88
\T1/cmr/m/n/12 squashfs dateteke, dok se druga funkcija ko-risti za ras-paki-va
nje kom-preso-vane squashfs
 []

[6

] [7

] [8]
LaTeX Font Info:    Try loading font information for OMS+cmss on input line 178
.
LaTeX Font Info:    No file OMScmss.fd. on input line 178.


LaTeX Font Warning: Font shape `OMS/cmss/m/n' undefined
(Font)              using `OMS/cmsy/m/n' instead
(Font)              for symbol `textasteriskcentered' on input line 178.

[9]
Overfull \hbox (6.70154pt too wide) in paragraph at lines 237--239
\T1/cmr/m/n/12 Sada cemo naprav-iti virtuelni hard disk po-mocu qemu-img ko-man
de da bismo pokrenuli
 []

<images/ModulNodeJSUbuntu.png, id=47, 964.60374pt x 607.26875pt>
File: images/ModulNodeJSUbuntu.png Graphic file (type png)
<use images/ModulNodeJSUbuntu.png>
Package pdftex.def Info: images/ModulNodeJSUbuntu.png  used on input line 252.
(pdftex.def)             Requested size: 433.62pt x 272.98116pt.
[10] [11 <./images/ModulNodeJSUbuntu.png>] [12

] [13

] (./zavrsni.aux)

LaTeX Font Warning: Some font shapes were not available, defaults substituted.

 ) 
Here is how much of TeX's memory you used:
 3870 strings out of 494518
 50961 string characters out of 6176314
 349274 words of memory out of 5000000
 7449 multiletter control sequences out of 15000+600000
 16806 words of font info for 39 fonts, out of 8000000 for 9000
 36 hyphenation exceptions out of 8191
 41i,7n,52p,507b,1707s stack positions out of 5000i,500n,10000p,200000b,80000s
 </home/dejanqa/.texlive2018/texmf-var/fonts/pk/ljfour/jknappen/ec/ecsx1095.6
00pk> </home/dejanqa/.texlive2018/texmf-var/fonts/pk/ljfour/jknappen/ec/ecbx144
0.600pk> </home/dejanqa/.texlive2018/texmf-var/fonts/pk/ljfour/jknappen/ec/ecss
1095.600pk> </home/dejanqa/.texlive2018/texmf-var/fonts/pk/ljfour/jknappen/ec/e
crm0600.600pk> </home/dejanqa/.texlive2018/texmf-var/fonts/pk/ljfour/jknappen/e
c/ecrm1200.600pk> </home/dejanqa/.texlive2018/texmf-var/fonts/pk/ljfour/jknappe
n/ec/ecbx1200.600pk> </home/dejanqa/.texlive2018/texmf-var/fonts/pk/ljfour/jkna
ppen/ec/ecbx2488.600pk> </home/dejanqa/.texlive2018/texmf-var/fonts/pk/ljfour/j
knappen/ec/ecrm1728.600pk> </home/dejanqa/.texlive2018/texmf-var/fonts/pk/ljfou
r/jknappen/ec/ecrm1440.600pk> </home/dejanqa/.texlive2018/texmf-var/fonts/pk/lj
four/jknappen/ec/ecbx1728.600pk></usr/share/texlive/texmf-dist/fonts/type1/publ
ic/amsfonts/cm/cmsy10.pfb>
Output written on zavrsni.pdf (13 pages, 263326 bytes).
PDF statistics:
 446 PDF objects out of 1000 (max. 8388607)
 75 compressed objects within 1 object stream
 0 named destinations out of 1000 (max. 500000)
 26 words of extra memory for PDF output out of 10000 (max. 10000000)

